/home/dervis/similasyon_ws/install/self_driving_car_pkg/lib/python3.10/site-packages/self_driving_car_pkg/__init__.py
/home/dervis/similasyon_ws/install/self_driving_car_pkg/lib/python3.10/site-packages/self_driving_car_pkg/drive_node.py
/home/dervis/similasyon_ws/install/self_driving_car_pkg/lib/python3.10/site-packages/self_driving_car_pkg/sdf_spawner.py
/home/dervis/similasyon_ws/install/self_driving_car_pkg/lib/python3.10/site-packages/self_driving_car_pkg/vision_node.py
/home/dervis/similasyon_ws/install/self_driving_car_pkg/lib/python3.10/site-packages/self_driving_car_pkg/__pycache__/__init__.cpython-310.pyc
/home/dervis/similasyon_ws/install/self_driving_car_pkg/lib/python3.10/site-packages/self_driving_car_pkg/__pycache__/drive_node.cpython-310.pyc
/home/dervis/similasyon_ws/install/self_driving_car_pkg/lib/python3.10/site-packages/self_driving_car_pkg/__pycache__/sdf_spawner.cpython-310.pyc
/home/dervis/similasyon_ws/install/self_driving_car_pkg/lib/python3.10/site-packages/self_driving_car_pkg/__pycache__/vision_node.cpython-310.pyc
/home/dervis/similasyon_ws/install/self_driving_car_pkg/share/ament_index/resource_index/packages/self_driving_car_pkg
/home/dervis/similasyon_ws/install/self_driving_car_pkg/share/self_driving_car_pkg/package.xml
/home/dervis/similasyon_ws/install/self_driving_car_pkg/share/self_driving_car_pkg/launch
/home/dervis/similasyon_ws/install/self_driving_car_pkg/share/self_driving_car_pkg/worlds/sdc.world
/home/dervis/similasyon_ws/install/self_driving_car_pkg/lib/python3.10/site-packages/self_driving_car_pkg-0.0.0-py3.10.egg-info/PKG-INFO
/home/dervis/similasyon_ws/install/self_driving_car_pkg/lib/python3.10/site-packages/self_driving_car_pkg-0.0.0-py3.10.egg-info/top_level.txt
/home/dervis/similasyon_ws/install/self_driving_car_pkg/lib/python3.10/site-packages/self_driving_car_pkg-0.0.0-py3.10.egg-info/zip-safe
/home/dervis/similasyon_ws/install/self_driving_car_pkg/lib/python3.10/site-packages/self_driving_car_pkg-0.0.0-py3.10.egg-info/requires.txt
/home/dervis/similasyon_ws/install/self_driving_car_pkg/lib/python3.10/site-packages/self_driving_car_pkg-0.0.0-py3.10.egg-info/SOURCES.txt
/home/dervis/similasyon_ws/install/self_driving_car_pkg/lib/python3.10/site-packages/self_driving_car_pkg-0.0.0-py3.10.egg-info/dependency_links.txt
/home/dervis/similasyon_ws/install/self_driving_car_pkg/lib/python3.10/site-packages/self_driving_car_pkg-0.0.0-py3.10.egg-info/entry_points.txt
/home/dervis/similasyon_ws/install/self_driving_car_pkg/lib/self_driving_car_pkg/drive_node
/home/dervis/similasyon_ws/install/self_driving_car_pkg/lib/self_driving_car_pkg/spawner_node
/home/dervis/similasyon_ws/install/self_driving_car_pkg/lib/self_driving_car_pkg/vision_node
